<?xml version="1.0" encoding="UTF-8"?>
<!-- Generated by org.testng.reporters.JUnitReportReporter -->
<testsuite hostname="LAPTOP-9TVHT2DI" failures="0" tests="1" name="login.Login" time="5.927" errors="0" timestamp="2024-11-14T15:38:06 IST" skipped="0">
  <testcase classname="login.Login" name="loginTest" time="5.927"/>
  <system-out/>
</testsuite> <!-- login.Login -->
